## Adobe acrobat reader acroread
sudo gdebi ~dushoff/Dropbox/extras/AdbeRdr9.5.5-1_i386linux_enu.deb
sudo apt install libxml2:i386 libstdc++6:i386

## If acroread hijacks your defaults, go to /etc/gnome/defaults.list, search pdf and change thing(s) back to evince.desktop

## canberra error
sudo apt-get install libcanberra-gtk-module:i386
## Did something else, too

## Working on cpdf. Where did it go??
## https://community.coherentpdf.com/
## downhere  ##

## Big issues of installing npm/node; needed experimental versions
sudo npm install -g codedown

## Imagemagick weirdness
policy.xml (searched from /etc/ is also allowed to be in /usr/
  <!-- disable ghostscript format types -->
  <!-- JD added read  27 Jun 2019; also consider write -->
  <policy domain="coder" rights="read" pattern="PS" />
  <policy domain="coder" rights="read" pattern="EPS" />
  <policy domain="coder" rights="read|write" pattern="PDF" />
  <policy domain="coder" rights="read" pattern="XPS" />

