
2020 Nov 22 (Sun)

https://cran.r-project.org/bin/linux/ubuntu/

sudo echo "deb https://cloud.r-project.org/bin/linux/ubuntu DISTRIB-cranVERSION/" >> /etc/apt/sources.list

sudo apt-key adv --keyserver keyserver.ubuntu.com --recv-keys E298A3A825C0D65DFD57CBB651716619E084DAB9

## In sudo window
sudo apt update
sudo apt install r-base r-base-dev ## necessary when?

sudo add-apt-repository ppa:c2d4u.team/c2d4u4.0+
sudo apt update
sudo apt upgrade

And then what? Do I still use the makefile update.* rule?

----------------------------------------------------------------------

Pre
===

Not sure why this one is here particularly

sudo apt-get install -y libcurl4-openssl-dev

Upgrade
=======

## Better in terminal
sudo add-apt-repository ppa:marutter/rrutter3.5
sudo add-apt-repository ppa:marutter/c2d4u
sudo apt-get update
sudo apt upgrade
sudo apt autoremove

## Why necessary?
apt install r-base-core

Packages
--------

## Not checked recently
Go to R directory
sudo make update.Ver.sub

## Bolker
update.packages(checkBuilt=TRUE, ask=FALSE)

Studio
======

https://www.rstudio.com/products/rstudio/download/#download

sudo apt -y install gdebi-core

sudo gdebi ~dushoff/Downloads/rstudio*.deb


